<?xml version="1.0" encoding="UTF-8"?>
<!-- Generated by org.testng.reporters.JUnitReportReporter -->
<testsuite hostname="AnkitL-L" failures="0" tests="2" name="browserStackSetup.BrowserStackSetup" time="2.559" errors="0" timestamp="2024-04-24T19:47:08 IST" skipped="0">
  <testcase classname="browserStackSetup.BrowserStackSetup" name="navigate_to_homepage_click_on_getstarted" time="2.039"/>
  <testcase classname="browserStackSetup.BrowserStackSetup" name="enter_userDetails" time="0.520"/>
</testsuite> <!-- browserStackSetup.BrowserStackSetup -->
