<?xml version="1.0" encoding="UTF-8"?>
<!-- Generated by org.testng.reporters.JUnitReportReporter -->
<testsuite hostname="AnkitL-L" failures="0" tests="3" name="browserStackTC.BrowserStackSetup" time="5.552" errors="0" timestamp="2024-04-29T18:59:04 IST" skipped="0">
  <testcase classname="browserStackTC.BrowserStackSetup" name="navigate_to_homepage_click_on_getstarted" time="4.910"/>
  <testcase classname="browserStackTC.BrowserStackSetup" name="enter_userDetails" time="0.302"/>
  <testcase classname="browserStackTC.BrowserStackSetup" name="enter_userDetails" time="0.340"/>
</testsuite> <!-- browserStackTC.BrowserStackSetup -->
