<?xml version="1.0" encoding="UTF-8"?>
<!-- Generated by org.testng.reporters.JUnitReportReporter -->
<testsuite hostname="AnkitL-L" failures="0" tests="1" name="browserStackTC.checkboxes" time="7.660" errors="0" timestamp="2024-04-29T12:38:35 IST" skipped="0">
  <testcase classname="browserStackTC.checkboxes" name="testingcheckboxes" time="7.660"/>
</testsuite> <!-- browserStackTC.checkboxes -->
