<?xml version="1.0" encoding="UTF-8"?>
<!-- Generated by org.testng.reporters.JUnitReportReporter -->
<testsuite hostname="AnkitL-L" failures="0" tests="1" name="browserStackTC.checkboxes" time="2.420" errors="0" timestamp="2024-04-30T12:36:07 IST" skipped="0">
  <testcase classname="browserStackTC.checkboxes" name="testingcheckboxes" time="2.420"/>
</testsuite> <!-- browserStackTC.checkboxes -->
