<?xml version="1.0" encoding="UTF-8"?>
<!-- Generated by org.testng.reporters.JUnitReportReporter -->
<testsuite hostname="AnkitL-L" failures="0" tests="3" name="browserStackTC.BrowserStackSetup" time="6.793" errors="0" timestamp="2024-04-30T12:36:07 IST" skipped="0">
  <testcase classname="browserStackTC.BrowserStackSetup" name="navigate_to_homepage_click_on_getstarted" time="5.641"/>
  <testcase classname="browserStackTC.BrowserStackSetup" name="enter_userDetails" time="0.530"/>
  <testcase classname="browserStackTC.BrowserStackSetup" name="enter_userDetails" time="0.622"/>
</testsuite> <!-- browserStackTC.BrowserStackSetup -->
